# JRE version: OpenJDK Runtime Environment (8.0_152-b02) (build 1.8.0_152-release-1024-b02)
# Java VM: OpenJDK 64-Bit Server VM (25.152-b02 mixed mode windows-amd64 compressed oops)
Heap:
 PSYoungGen      total 305152K, used 187400K [0x00000000e0000000, 0x00000000f6700000, 0x0000000100000000)
  eden space 244224K, 51% used [0x00000000e0000000,0x00000000e7b88418,0x00000000eee80000)
  from space 60928K, 99% used [0x00000000eee80000,0x00000000f29f9cb8,0x00000000f2a00000)
  to   space 57856K, 0% used [0x00000000f2a00000,0x00000000f2a00000,0x00000000f6280000)
 ParOldGen       total 154624K, used 37260K [0x00000000a0000000, 0x00000000a9700000, 0x00000000e0000000)
  object space 154624K, 24% used [0x00000000a0000000,0x00000000a2463000,0x00000000a9700000)
 Metaspace       used 124188K, capacity 130492K, committed 130648K, reserved 1163264K
  class space    used 15965K, capacity 17198K, committed 17280K, reserved 1048576K
GC Heap History (10 events):
Event: 8170.745 GC heap before
{Heap before GC invocations=36 (full 5):
 PSYoungGen      total 253440K, used 253414K [0x00000000e0000000, 0x00000000f3380000, 0x0000000100000000)
  eden space 210944K, 100% used [0x00000000e0000000,0x00000000ece00000,0x00000000ece00000)
  from space 42496K, 99% used [0x00000000efe80000,0x00000000f27f9b18,0x00000000f2800000)
  to   space 49664K, 0% used [0x00000000ece00000,0x00000000ece00000,0x00000000efe80000)
 ParOldGen       total 154624K, used 35333K [0x00000000a0000000, 0x00000000a9700000, 0x00000000e0000000)
  object space 154624K, 22% used [0x00000000a0000000,0x00000000a2281728,0x00000000a9700000)
 Metaspace       used 108641K, capacity 113712K, committed 113880K, reserved 1148928K
  class space    used 13977K, capacity 15010K, committed 15104K, reserved 1048576K
Event: 8170.787 GC heap after
Heap after GC invocations=36 (full 5):
 PSYoungGen      total 260608K, used 36932K [0x00000000e0000000, 0x00000000f4400000, 0x0000000100000000)
  eden space 210944K, 0% used [0x00000000e0000000,0x00000000e0000000,0x00000000ece00000)
  from space 49664K, 74% used [0x00000000ece00000,0x00000000ef2110d0,0x00000000efe80000)
  to   space 51712K, 0% used [0x00000000f1180000,0x00000000f1180000,0x00000000f4400000)
 ParOldGen       total 154624K, used 35341K [0x00000000a0000000, 0x00000000a9700000, 0x00000000e0000000)
  object space 154624K, 22% used [0x00000000a0000000,0x00000000a2283728,0x00000000a9700000)
 Metaspace       used 108641K, capacity 113712K, committed 113880K, reserved 1148928K
  class space    used 13977K, capacity 15010K, committed 15104K, reserved 1048576K
}
Event: 8172.283 GC heap before
{Heap before GC invocations=37 (full 5):
 PSYoungGen      total 260608K, used 247876K [0x00000000e0000000, 0x00000000f4400000, 0x0000000100000000)
  eden space 210944K, 100% used [0x00000000e0000000,0x00000000ece00000,0x00000000ece00000)
  from space 49664K, 74% used [0x00000000ece00000,0x00000000ef2110d0,0x00000000efe80000)
  to   space 51712K, 0% used [0x00000000f1180000,0x00000000f1180000,0x00000000f4400000)
 ParOldGen       total 154624K, used 35341K [0x00000000a0000000, 0x00000000a9700000, 0x00000000e0000000)
  object space 154624K, 22% used [0x00000000a0000000,0x00000000a2283728,0x00000000a9700000)
 Metaspace       used 108706K, capacity 113776K, committed 113880K, reserved 1148928K
  class space    used 13977K, capacity 15010K, committed 15104K, reserved 1048576K
Event: 8172.325 GC heap after
Heap after GC invocations=37 (full 5):
 PSYoungGen      total 279040K, used 35835K [0x00000000e0000000, 0x00000000f4980000, 0x0000000100000000)
  eden space 227328K, 0% used [0x00000000e0000000,0x00000000e0000000,0x00000000ede00000)
  from space 51712K, 69% used [0x00000000f1180000,0x00000000f347edc0,0x00000000f4400000)
  to   space 52736K, 0% used [0x00000000ede00000,0x00000000ede00000,0x00000000f1180000)
 ParOldGen       total 154624K, used 35349K [0x00000000a0000000, 0x00000000a9700000, 0x00000000e0000000)
  object space 154624K, 22% used [0x00000000a0000000,0x00000000a2285728,0x00000000a9700000)
 Metaspace       used 108706K, capacity 113776K, committed 113880K, reserved 1148928K
  class space    used 13977K, capacity 15010K, committed 15104K, reserved 1048576K
}
Event: 8179.694 GC heap before
{Heap before GC invocations=38 (full 5):
 PSYoungGen      total 279040K, used 262224K [0x00000000e0000000, 0x00000000f4980000, 0x0000000100000000)
  eden space 227328K, 99% used [0x00000000e0000000,0x00000000edd15558,0x00000000ede00000)
  from space 51712K, 69% used [0x00000000f1180000,0x00000000f347edc0,0x00000000f4400000)
  to   space 52736K, 0% used [0x00000000ede00000,0x00000000ede00000,0x00000000f1180000)
 ParOldGen       total 154624K, used 35349K [0x00000000a0000000, 0x00000000a9700000, 0x00000000e0000000)
  object space 154624K, 22% used [0x00000000a0000000,0x00000000a2285728,0x00000000a9700000)
 Metaspace       used 115118K, capacity 120202K, committed 120536K, reserved 1155072K
  class space    used 14719K, capacity 15763K, committed 15872K, reserved 1048576K
Event: 8179.728 GC heap after
Heap after GC invocations=38 (full 5):
 PSYoungGen      total 280064K, used 46978K [0x00000000e0000000, 0x00000000f6280000, 0x0000000100000000)
  eden space 227328K, 0% used [0x00000000e0000000,0x00000000e0000000,0x00000000ede00000)
  from space 52736K, 89% used [0x00000000ede00000,0x00000000f0be0858,0x00000000f1180000)
  to   space 57856K, 0% used [0x00000000f2a00000,0x00000000f2a00000,0x00000000f6280000)
 ParOldGen       total 154624K, used 35365K [0x00000000a0000000, 0x00000000a9700000, 0x00000000e0000000)
  object space 154624K, 22% used [0x00000000a0000000,0x00000000a2289728,0x00000000a9700000)
 Metaspace       used 115118K, capacity 120202K, committed 120536K, reserved 1155072K
  class space    used 14719K, capacity 15763K, committed 15872K, reserved 1048576K
}
Event: 8183.319 GC heap before
{Heap before GC invocations=39 (full 5):
 PSYoungGen      total 280064K, used 274306K [0x00000000e0000000, 0x00000000f6280000, 0x0000000100000000)
  eden space 227328K, 100% used [0x00000000e0000000,0x00000000ede00000,0x00000000ede00000)
  from space 52736K, 89% used [0x00000000ede00000,0x00000000f0be0858,0x00000000f1180000)
  to   space 57856K, 0% used [0x00000000f2a00000,0x00000000f2a00000,0x00000000f6280000)
 ParOldGen       total 154624K, used 35365K [0x00000000a0000000, 0x00000000a9700000, 0x00000000e0000000)
  object space 154624K, 22% used [0x00000000a0000000,0x00000000a2289728,0x00000000a9700000)
 Metaspace       used 115603K, capacity 120798K, committed 121048K, reserved 1155072K
  class space    used 14792K, capacity 15849K, committed 15872K, reserved 1048576K
Event: 8183.349 GC heap after
Heap after GC invocations=39 (full 5):
 PSYoungGen      total 302080K, used 44249K [0x00000000e0000000, 0x00000000f6700000, 0x0000000100000000)
  eden space 244224K, 0% used [0x00000000e0000000,0x00000000e0000000,0x00000000eee80000)
  from space 57856K, 76% used [0x00000000f2a00000,0x00000000f5536798,0x00000000f6280000)
  to   space 60928K, 0% used [0x00000000eee80000,0x00000000eee80000,0x00000000f2a00000)
 ParOldGen       total 154624K, used 35373K [0x00000000a0000000, 0x00000000a9700000, 0x00000000e0000000)
  object space 154624K, 22% used [0x00000000a0000000,0x00000000a228b728,0x00000000a9700000)
 Metaspace       used 115603K, capacity 120798K, committed 121048K, reserved 1155072K
  class space    used 14792K, capacity 15849K, committed 15872K, reserved 1048576K
}
Event: 8189.015 GC heap before
{Heap before GC invocations=40 (full 5):
 PSYoungGen      total 302080K, used 288473K [0x00000000e0000000, 0x00000000f6700000, 0x0000000100000000)
  eden space 244224K, 100% used [0x00000000e0000000,0x00000000eee80000,0x00000000eee80000)
  from space 57856K, 76% used [0x00000000f2a00000,0x00000000f5536798,0x00000000f6280000)
  to   space 60928K, 0% used [0x00000000eee80000,0x00000000eee80000,0x00000000f2a00000)
 ParOldGen       total 154624K, used 35373K [0x00000000a0000000, 0x00000000a9700000, 0x00000000e0000000)
  object space 154624K, 22% used [0x00000000a0000000,0x00000000a228b728,0x00000000a9700000)
 Metaspace       used 123600K, capacity 129798K, committed 130008K, reserved 1163264K
  class space    used 15900K, capacity 17113K, committed 17152K, reserved 1048576K
Event: 8189.094 GC heap after
Heap after GC invocations=40 (full 5):
 PSYoungGen      total 305152K, used 60903K [0x00000000e0000000, 0x00000000f6700000, 0x0000000100000000)
  eden space 244224K, 0% used [0x00000000e0000000,0x00000000e0000000,0x00000000eee80000)
  from space 60928K, 99% used [0x00000000eee80000,0x00000000f29f9cb8,0x00000000f2a00000)
  to   space 57856K, 0% used [0x00000000f2a00000,0x00000000f2a00000,0x00000000f6280000)
 ParOldGen       total 154624K, used 37260K [0x00000000a0000000, 0x00000000a9700000, 0x00000000e0000000)
  object space 154624K, 24% used [0x00000000a0000000,0x00000000a2463000,0x00000000a9700000)
 Metaspace       used 123600K, capacity 129798K, committed 130008K, reserved 1163264K
  class space    used 15900K, capacity 17113K, committed 17152K, reserved 1048576K
}

