# JRE version: OpenJDK Runtime Environment (8.0_152-b02) (build 1.8.0_152-release-1024-b02)
# Java VM: OpenJDK 64-Bit Server VM (25.152-b02 mixed mode windows-amd64 compressed oops)
Heap:
 PSYoungGen      total 443904K, used 128880K [0x00000000e0000000, 0x0000000100000000, 0x0000000100000000)
  eden space 368128K, 34% used [0x00000000e0000000,0x00000000e7b6ae08,0x00000000f6780000)
  from space 75776K, 3% used [0x00000000f6780000,0x00000000f69f1378,0x00000000fb180000)
  to   space 76288K, 0% used [0x00000000fb580000,0x00000000fb580000,0x0000000100000000)
 ParOldGen       total 199168K, used 121335K [0x00000000a0000000, 0x00000000ac280000, 0x00000000e0000000)
  object space 199168K, 60% used [0x00000000a0000000,0x00000000a767dd48,0x00000000ac280000)
 Metaspace       used 124104K, capacity 131206K, committed 131288K, reserved 1163264K
  class space    used 15750K, capacity 17087K, committed 17152K, reserved 1048576K
GC Heap History (10 events):
Event: 4606.046 GC heap before
{Heap before GC invocations=51 (full 4):
 PSYoungGen      total 325632K, used 325628K [0x00000000e0000000, 0x00000000f9780000, 0x0000000100000000)
  eden space 262144K, 100% used [0x00000000e0000000,0x00000000f0000000,0x00000000f0000000)
  from space 63488K, 99% used [0x00000000f4780000,0x00000000f857f0d0,0x00000000f8580000)
  to   space 73216K, 0% used [0x00000000f0000000,0x00000000f0000000,0x00000000f4780000)
 ParOldGen       total 199168K, used 74674K [0x00000000a0000000, 0x00000000ac280000, 0x00000000e0000000)
  object space 199168K, 37% used [0x00000000a0000000,0x00000000a48ec9a8,0x00000000ac280000)
 Metaspace       used 123354K, capacity 130210K, committed 130392K, reserved 1163264K
  class space    used 15710K, capacity 17011K, committed 17024K, reserved 1048576K
Event: 4606.181 GC heap after
Heap after GC invocations=51 (full 4):
 PSYoungGen      total 335360K, used 59922K [0x00000000e0000000, 0x00000000fcd00000, 0x0000000100000000)
  eden space 262144K, 0% used [0x00000000e0000000,0x00000000e0000000,0x00000000f0000000)
  from space 73216K, 81% used [0x00000000f0000000,0x00000000f3a84ba8,0x00000000f4780000)
  to   space 79872K, 0% used [0x00000000f7f00000,0x00000000f7f00000,0x00000000fcd00000)
 ParOldGen       total 199168K, used 74682K [0x00000000a0000000, 0x00000000ac280000, 0x00000000e0000000)
  object space 199168K, 37% used [0x00000000a0000000,0x00000000a48ee9a8,0x00000000ac280000)
 Metaspace       used 123354K, capacity 130210K, committed 130392K, reserved 1163264K
  class space    used 15710K, capacity 17011K, committed 17024K, reserved 1048576K
}
Event: 4607.897 GC heap before
{Heap before GC invocations=52 (full 4):
 PSYoungGen      total 335360K, used 322066K [0x00000000e0000000, 0x00000000fcd00000, 0x0000000100000000)
  eden space 262144K, 100% used [0x00000000e0000000,0x00000000f0000000,0x00000000f0000000)
  from space 73216K, 81% used [0x00000000f0000000,0x00000000f3a84ba8,0x00000000f4780000)
  to   space 79872K, 0% used [0x00000000f7f00000,0x00000000f7f00000,0x00000000fcd00000)
 ParOldGen       total 199168K, used 74682K [0x00000000a0000000, 0x00000000ac280000, 0x00000000e0000000)
  object space 199168K, 37% used [0x00000000a0000000,0x00000000a48ee9a8,0x00000000ac280000)
 Metaspace       used 123818K, capacity 130902K, committed 131032K, reserved 1163264K
  class space    used 15749K, capacity 17087K, committed 17152K, reserved 1048576K
Event: 4608.046 GC heap after
Heap after GC invocations=52 (full 4):
 PSYoungGen      total 390144K, used 42379K [0x00000000e0000000, 0x00000000fcb00000, 0x0000000100000000)
  eden space 312320K, 0% used [0x00000000e0000000,0x00000000e0000000,0x00000000f3100000)
  from space 77824K, 54% used [0x00000000f7f00000,0x00000000fa862e48,0x00000000fcb00000)
  to   space 78848K, 0% used [0x00000000f3100000,0x00000000f3100000,0x00000000f7e00000)
 ParOldGen       total 199168K, used 90580K [0x00000000a0000000, 0x00000000ac280000, 0x00000000e0000000)
  object space 199168K, 45% used [0x00000000a0000000,0x00000000a5875198,0x00000000ac280000)
 Metaspace       used 123818K, capacity 130902K, committed 131032K, reserved 1163264K
  class space    used 15749K, capacity 17087K, committed 17152K, reserved 1048576K
}
Event: 4609.533 GC heap before
{Heap before GC invocations=53 (full 4):
 PSYoungGen      total 390144K, used 354699K [0x00000000e0000000, 0x00000000fcb00000, 0x0000000100000000)
  eden space 312320K, 100% used [0x00000000e0000000,0x00000000f3100000,0x00000000f3100000)
  from space 77824K, 54% used [0x00000000f7f00000,0x00000000fa862e48,0x00000000fcb00000)
  to   space 78848K, 0% used [0x00000000f3100000,0x00000000f3100000,0x00000000f7e00000)
 ParOldGen       total 199168K, used 90580K [0x00000000a0000000, 0x00000000ac280000, 0x00000000e0000000)
  object space 199168K, 45% used [0x00000000a0000000,0x00000000a5875198,0x00000000ac280000)
 Metaspace       used 123940K, capacity 130990K, committed 131288K, reserved 1163264K
  class space    used 15750K, capacity 17087K, committed 17152K, reserved 1048576K
Event: 4609.659 GC heap after
Heap after GC invocations=53 (full 4):
 PSYoungGen      total 391168K, used 22430K [0x00000000e0000000, 0x00000000ffc00000, 0x0000000100000000)
  eden space 312320K, 0% used [0x00000000e0000000,0x00000000e0000000,0x00000000f3100000)
  from space 78848K, 28% used [0x00000000f3100000,0x00000000f46e7bb8,0x00000000f7e00000)
  to   space 76288K, 0% used [0x00000000fb180000,0x00000000fb180000,0x00000000ffc00000)
 ParOldGen       total 199168K, used 110907K [0x00000000a0000000, 0x00000000ac280000, 0x00000000e0000000)
  object space 199168K, 55% used [0x00000000a0000000,0x00000000a6c4ecf0,0x00000000ac280000)
 Metaspace       used 123940K, capacity 130990K, committed 131288K, reserved 1163264K
  class space    used 15750K, capacity 17087K, committed 17152K, reserved 1048576K
}
Event: 4611.499 GC heap before
{Heap before GC invocations=54 (full 4):
 PSYoungGen      total 391168K, used 334750K [0x00000000e0000000, 0x00000000ffc00000, 0x0000000100000000)
  eden space 312320K, 100% used [0x00000000e0000000,0x00000000f3100000,0x00000000f3100000)
  from space 78848K, 28% used [0x00000000f3100000,0x00000000f46e7bb8,0x00000000f7e00000)
  to   space 76288K, 0% used [0x00000000fb180000,0x00000000fb180000,0x00000000ffc00000)
 ParOldGen       total 199168K, used 110907K [0x00000000a0000000, 0x00000000ac280000, 0x00000000e0000000)
  object space 199168K, 55% used [0x00000000a0000000,0x00000000a6c4ecf0,0x00000000ac280000)
 Metaspace       used 124028K, capacity 131138K, committed 131288K, reserved 1163264K
  class space    used 15750K, capacity 17087K, committed 17152K, reserved 1048576K
Event: 4611.586 GC heap after
Heap after GC invocations=54 (full 4):
 PSYoungGen      total 444416K, used 9600K [0x00000000e0000000, 0x00000000ffc00000, 0x0000000100000000)
  eden space 368128K, 0% used [0x00000000e0000000,0x00000000e0000000,0x00000000f6780000)
  from space 76288K, 12% used [0x00000000fb180000,0x00000000fbae0028,0x00000000ffc00000)
  to   space 75776K, 0% used [0x00000000f6780000,0x00000000f6780000,0x00000000fb180000)
 ParOldGen       total 199168K, used 118349K [0x00000000a0000000, 0x00000000ac280000, 0x00000000e0000000)
  object space 199168K, 59% used [0x00000000a0000000,0x00000000a7393748,0x00000000ac280000)
 Metaspace       used 124028K, capacity 131138K, committed 131288K, reserved 1163264K
  class space    used 15750K, capacity 17087K, committed 17152K, reserved 1048576K
}
Event: 4613.628 GC heap before
{Heap before GC invocations=55 (full 4):
 PSYoungGen      total 444416K, used 377728K [0x00000000e0000000, 0x00000000ffc00000, 0x0000000100000000)
  eden space 368128K, 100% used [0x00000000e0000000,0x00000000f6780000,0x00000000f6780000)
  from space 76288K, 12% used [0x00000000fb180000,0x00000000fbae0028,0x00000000ffc00000)
  to   space 75776K, 0% used [0x00000000f6780000,0x00000000f6780000,0x00000000fb180000)
 ParOldGen       total 199168K, used 118349K [0x00000000a0000000, 0x00000000ac280000, 0x00000000e0000000)
  object space 199168K, 59% used [0x00000000a0000000,0x00000000a7393748,0x00000000ac280000)
 Metaspace       used 124086K, capacity 131142K, committed 131288K, reserved 1163264K
  class space    used 15750K, capacity 17087K, committed 17152K, reserved 1048576K
Event: 4613.652 GC heap after
Heap after GC invocations=55 (full 4):
 PSYoungGen      total 443904K, used 2500K [0x00000000e0000000, 0x0000000100000000, 0x0000000100000000)
  eden space 368128K, 0% used [0x00000000e0000000,0x00000000e0000000,0x00000000f6780000)
  from space 75776K, 3% used [0x00000000f6780000,0x00000000f69f1378,0x00000000fb180000)
  to   space 76288K, 0% used [0x00000000fb580000,0x00000000fb580000,0x0000000100000000)
 ParOldGen       total 199168K, used 121335K [0x00000000a0000000, 0x00000000ac280000, 0x00000000e0000000)
  object space 199168K, 60% used [0x00000000a0000000,0x00000000a767dd48,0x00000000ac280000)
 Metaspace       used 124086K, capacity 131142K, committed 131288K, reserved 1163264K
  class space    used 15750K, capacity 17087K, committed 17152K, reserved 1048576K
}

